[2023-10-04 10:08:17] local.ERROR: Undefined variable $add {"view":{"view":"/media/ahmad/04B42BEAB42BDD44/ikal/POLINEMA/Pemrograman/Laravel/lat-wpu/resources/views/about.blade.php","data":[]},"exception":"[object] (Spatie\\LaravelIgnition\\Exceptions\\ViewException(code: 0): Undefined variable $add at /media/ahmad/04B42BEAB42BDD44/ikal/POLINEMA/Pemrograman/Laravel/lat-wpu/resources/views/about.blade.php:16)
[stacktrace]
#0 /media/ahmad/04B42BEAB42BDD44/ikal/POLINEMA/Pemrograman/Laravel/lat-wpu/vendor/laravel/framework/src/Illuminate/Foundation/Bootstrap/HandleExceptions.php(254): Illuminate\\Foundation\\Bootstrap\\HandleExceptions->handleError()
#1 /media/ahmad/04B42BEAB42BDD44/ikal/POLINEMA/Pemrograman/Laravel/lat-wpu/resources/views/about.blade.php(16): Illuminate\\Foundation\\Bootstrap\\HandleExceptions->Illuminate\\Foundation\\Bootstrap\\{closure}()
#2 /media/ahmad/04B42BEAB42BDD44/ikal/POLINEMA/Pemrograman/Laravel/lat-wpu/vendor/laravel/framework/src/Illuminate/Filesystem/Filesystem.php(124): require('...')
#3 /media/ahmad/04B42BEAB42BDD44/ikal/POLINEMA/Pemrograman/Laravel/lat-wpu/vendor/laravel/framework/src/Illuminate/Filesystem/Filesystem.php(125): Illuminate\\Filesystem\\Filesystem::Illuminate\\Filesystem\\{closure}()
#4 /media/ahmad/04B42BEAB42BDD44/ikal/POLINEMA/Pemrograman/Laravel/lat-wpu/vendor/laravel/framework/src/Illuminate/View/Engines/PhpEngine.php(58): Illuminate\\Filesystem\\Filesystem->getRequire()
#5 /media/ahmad/04B42BEAB42BDD44/ikal/POLINEMA/Pemrograman/Laravel/lat-wpu/vendor/laravel/framework/src/Illuminate/View/Engines/CompilerEngine.php(72): Illuminate\\View\\Engines\\PhpEngine->evaluatePath()
#6 /media/ahmad/04B42BEAB42BDD44/ikal/POLINEMA/Pemrograman/Laravel/lat-wpu/vendor/laravel/framework/src/Illuminate/View/View.php(195): Illuminate\\View\\Engines\\CompilerEngine->get()
#7 /media/ahmad/04B42BEAB42BDD44/ikal/POLINEMA/Pemrograman/Laravel/lat-wpu/vendor/laravel/framework/src/Illuminate/View/View.php(178): Illuminate\\View\\View->getContents()
#8 /media/ahmad/04B42BEAB42BDD44/ikal/POLINEMA/Pemrograman/Laravel/lat-wpu/vendor/laravel/framework/src/Illuminate/View/View.php(147): Illuminate\\View\\View->renderContents()
#9 /media/ahmad/04B42BEAB42BDD44/ikal/POLINEMA/Pemrograman/Laravel/lat-wpu/vendor/laravel/framework/src/Illuminate/Http/Response.php(69): Illuminate\\View\\View->render()
#10 /media/ahmad/04B42BEAB42BDD44/ikal/POLINEMA/Pemrograman/Laravel/lat-wpu/vendor/laravel/framework/src/Illuminate/Http/Response.php(35): Illuminate\\Http\\Response->setContent()
#11 /media/ahmad/04B42BEAB42BDD44/ikal/POLINEMA/Pemrograman/Laravel/lat-wpu/vendor/laravel/framework/src/Illuminate/Routing/Router.php(911): Illuminate\\Http\\Response->__construct()
#12 /media/ahmad/04B42BEAB42BDD44/ikal/POLINEMA/Pemrograman/Laravel/lat-wpu/vendor/laravel/framework/src/Illuminate/Routing/Router.php(878): Illuminate\\Routing\\Router::toResponse()
#13 /media/ahmad/04B42BEAB42BDD44/ikal/POLINEMA/Pemrograman/Laravel/lat-wpu/vendor/laravel/framework/src/Illuminate/Routing/Router.php(798): Illuminate\\Routing\\Router->prepareResponse()
#14 /media/ahmad/04B42BEAB42BDD44/ikal/POLINEMA/Pemrograman/Laravel/lat-wpu/vendor/laravel/framework/src/Illuminate/Pipeline/Pipeline.php(141): Illuminate\\Routing\\Router->Illuminate\\Routing\\{closure}()
#15 /media/ahmad/04B42BEAB42BDD44/ikal/POLINEMA/Pemrograman/Laravel/lat-wpu/vendor/laravel/framework/src/Illuminate/Routing/Middleware/SubstituteBindings.php(50): Illuminate\\Pipeline\\Pipeline->Illuminate\\Pipeline\\{closure}()
#16 /media/ahmad/04B42BEAB42BDD44/ikal/POLINEMA/Pemrograman/Laravel/lat-wpu/vendor/laravel/framework/src/Illuminate/Pipeline/Pipeline.php(180): Illuminate\\Routing\\Middleware\\SubstituteBindings->handle()
#17 /media/ahmad/04B42BEAB42BDD44/ikal/POLINEMA/Pemrograman/Laravel/lat-wpu/vendor/laravel/framework/src/Illuminate/Foundation/Http/Middleware/VerifyCsrfToken.php(78): Illuminate\\Pipeline\\Pipeline->Illuminate\\Pipeline\\{closure}()
#18 /media/ahmad/04B42BEAB42BDD44/ikal/POLINEMA/Pemrograman/Laravel/lat-wpu/vendor/laravel/framework/src/Illuminate/Pipeline/Pipeline.php(180): Illuminate\\Foundation\\Http\\Middleware\\VerifyCsrfToken->handle()
#19 /media/ahmad/04B42BEAB42BDD44/ikal/POLINEMA/Pemrograman/Laravel/lat-wpu/vendor/laravel/framework/src/Illuminate/View/Middleware/ShareErrorsFromSession.php(49): Illuminate\\Pipeline\\Pipeline->Illuminate\\Pipeline\\{closure}()
#20 /media/ahmad/04B42BEAB42BDD44/ikal/POLINEMA/Pemrograman/Laravel/lat-wpu/vendor/laravel/framework/src/Illuminate/Pipeline/Pipeline.php(180): Illuminate\\View\\Middleware\\ShareErrorsFromSession->handle()
#21 /media/ahmad/04B42BEAB42BDD44/ikal/POLINEMA/Pemrograman/Laravel/lat-wpu/vendor/laravel/framework/src/Illuminate/Session/Middleware/StartSession.php(121): Illuminate\\Pipeline\\Pipeline->Illuminate\\Pipeline\\{closure}()
#22 /media/ahmad/04B42BEAB42BDD44/ikal/POLINEMA/Pemrograman/Laravel/lat-wpu/vendor/laravel/framework/src/Illuminate/Session/Middleware/StartSession.php(64): Illuminate\\Session\\Middleware\\StartSession->handleStatefulRequest()
#23 /media/ahmad/04B42BEAB42BDD44/ikal/POLINEMA/Pemrograman/Laravel/lat-wpu/vendor/laravel/framework/src/Illuminate/Pipeline/Pipeline.php(180): Illuminate\\Session\\Middleware\\StartSession->handle()
#24 /media/ahmad/04B42BEAB42BDD44/ikal/POLINEMA/Pemrograman/Laravel/lat-wpu/vendor/laravel/framework/src/Illuminate/Cookie/Middleware/AddQueuedCookiesToResponse.php(37): Illuminate\\Pipeline\\Pipeline->Illuminate\\Pipeline\\{closure}()
#25 /media/ahmad/04B42BEAB42BDD44/ikal/POLINEMA/Pemrograman/Laravel/lat-wpu/vendor/laravel/framework/src/Illuminate/Pipeline/Pipeline.php(180): Illuminate\\Cookie\\Middleware\\AddQueuedCookiesToResponse->handle()
#26 /media/ahmad/04B42BEAB42BDD44/ikal/POLINEMA/Pemrograman/Laravel/lat-wpu/vendor/laravel/framework/src/Illuminate/Cookie/Middleware/EncryptCookies.php(67): Illuminate\\Pipeline\\Pipeline->Illuminate\\Pipeline\\{closure}()
#27 /media/ahmad/04B42BEAB42BDD44/ikal/POLINEMA/Pemrograman/Laravel/lat-wpu/vendor/laravel/framework/src/Illuminate/Pipeline/Pipeline.php(180): Illuminate\\Cookie\\Middleware\\EncryptCookies->handle()
#28 /media/ahmad/04B42BEAB42BDD44/ikal/POLINEMA/Pemrograman/Laravel/lat-wpu/vendor/laravel/framework/src/Illuminate/Pipeline/Pipeline.php(116): Illuminate\\Pipeline\\Pipeline->Illuminate\\Pipeline\\{closure}()
#29 /media/ahmad/04B42BEAB42BDD44/ikal/POLINEMA/Pemrograman/Laravel/lat-wpu/vendor/laravel/framework/src/Illuminate/Routing/Router.php(798): Illuminate\\Pipeline\\Pipeline->then()
#30 /media/ahmad/04B42BEAB42BDD44/ikal/POLINEMA/Pemrograman/Laravel/lat-wpu/vendor/laravel/framework/src/Illuminate/Routing/Router.php(777): Illuminate\\Routing\\Router->runRouteWithinStack()
#31 /media/ahmad/04B42BEAB42BDD44/ikal/POLINEMA/Pemrograman/Laravel/lat-wpu/vendor/laravel/framework/src/Illuminate/Routing/Router.php(741): Illuminate\\Routing\\Router->runRoute()
#32 /media/ahmad/04B42BEAB42BDD44/ikal/POLINEMA/Pemrograman/Laravel/lat-wpu/vendor/laravel/framework/src/Illuminate/Routing/Router.php(730): Illuminate\\Routing\\Router->dispatchToRoute()
#33 /media/ahmad/04B42BEAB42BDD44/ikal/POLINEMA/Pemrograman/Laravel/lat-wpu/vendor/laravel/framework/src/Illuminate/Foundation/Http/Kernel.php(200): Illuminate\\Routing\\Router->dispatch()
#34 /media/ahmad/04B42BEAB42BDD44/ikal/POLINEMA/Pemrograman/Laravel/lat-wpu/vendor/laravel/framework/src/Illuminate/Pipeline/Pipeline.php(141): Illuminate\\Foundation\\Http\\Kernel->Illuminate\\Foundation\\Http\\{closure}()
#35 /media/ahmad/04B42BEAB42BDD44/ikal/POLINEMA/Pemrograman/Laravel/lat-wpu/vendor/laravel/framework/src/Illuminate/Foundation/Http/Middleware/TransformsRequest.php(21): Illuminate\\Pipeline\\Pipeline->Illuminate\\Pipeline\\{closure}()
#36 /media/ahmad/04B42BEAB42BDD44/ikal/POLINEMA/Pemrograman/Laravel/lat-wpu/vendor/laravel/framework/src/Illuminate/Foundation/Http/Middleware/ConvertEmptyStringsToNull.php(31): Illuminate\\Foundation\\Http\\Middleware\\TransformsRequest->handle()
#37 /media/ahmad/04B42BEAB42BDD44/ikal/POLINEMA/Pemrograman/Laravel/lat-wpu/vendor/laravel/framework/src/Illuminate/Pipeline/Pipeline.php(180): Illuminate\\Foundation\\Http\\Middleware\\ConvertEmptyStringsToNull->handle()
#38 /media/ahmad/04B42BEAB42BDD44/ikal/POLINEMA/Pemrograman/Laravel/lat-wpu/vendor/laravel/framework/src/Illuminate/Foundation/Http/Middleware/TransformsRequest.php(21): Illuminate\\Pipeline\\Pipeline->Illuminate\\Pipeline\\{closure}()
#39 /media/ahmad/04B42BEAB42BDD44/ikal/POLINEMA/Pemrograman/Laravel/lat-wpu/vendor/laravel/framework/src/Illuminate/Foundation/Http/Middleware/TrimStrings.php(40): Illuminate\\Foundation\\Http\\Middleware\\TransformsRequest->handle()
#40 /media/ahmad/04B42BEAB42BDD44/ikal/POLINEMA/Pemrograman/Laravel/lat-wpu/vendor/laravel/framework/src/Illuminate/Pipeline/Pipeline.php(180): Illuminate\\Foundation\\Http\\Middleware\\TrimStrings->handle()
#41 /media/ahmad/04B42BEAB42BDD44/ikal/POLINEMA/Pemrograman/Laravel/lat-wpu/vendor/laravel/framework/src/Illuminate/Foundation/Http/Middleware/ValidatePostSize.php(27): Illuminate\\Pipeline\\Pipeline->Illuminate\\Pipeline\\{closure}()
#42 /media/ahmad/04B42BEAB42BDD44/ikal/POLINEMA/Pemrograman/Laravel/lat-wpu/vendor/laravel/framework/src/Illuminate/Pipeline/Pipeline.php(180): Illuminate\\Foundation\\Http\\Middleware\\ValidatePostSize->handle()
#43 /media/ahmad/04B42BEAB42BDD44/ikal/POLINEMA/Pemrograman/Laravel/lat-wpu/vendor/laravel/framework/src/Illuminate/Foundation/Http/Middleware/PreventRequestsDuringMaintenance.php(99): Illuminate\\Pipeline\\Pipeline->Illuminate\\Pipeline\\{closure}()
#44 /media/ahmad/04B42BEAB42BDD44/ikal/POLINEMA/Pemrograman/Laravel/lat-wpu/vendor/laravel/framework/src/Illuminate/Pipeline/Pipeline.php(180): Illuminate\\Foundation\\Http\\Middleware\\PreventRequestsDuringMaintenance->handle()
#45 /media/ahmad/04B42BEAB42BDD44/ikal/POLINEMA/Pemrograman/Laravel/lat-wpu/vendor/laravel/framework/src/Illuminate/Http/Middleware/HandleCors.php(49): Illuminate\\Pipeline\\Pipeline->Illuminate\\Pipeline\\{closure}()
#46 /media/ahmad/04B42BEAB42BDD44/ikal/POLINEMA/Pemrograman/Laravel/lat-wpu/vendor/laravel/framework/src/Illuminate/Pipeline/Pipeline.php(180): Illuminate\\Http\\Middleware\\HandleCors->handle()
#47 /media/ahmad/04B42BEAB42BDD44/ikal/POLINEMA/Pemrograman/Laravel/lat-wpu/vendor/laravel/framework/src/Illuminate/Http/Middleware/TrustProxies.php(39): Illuminate\\Pipeline\\Pipeline->Illuminate\\Pipeline\\{closure}()
#48 /media/ahmad/04B42BEAB42BDD44/ikal/POLINEMA/Pemrograman/Laravel/lat-wpu/vendor/laravel/framework/src/Illuminate/Pipeline/Pipeline.php(180): Illuminate\\Http\\Middleware\\TrustProxies->handle()
#49 /media/ahmad/04B42BEAB42BDD44/ikal/POLINEMA/Pemrograman/Laravel/lat-wpu/vendor/laravel/framework/src/Illuminate/Pipeline/Pipeline.php(116): Illuminate\\Pipeline\\Pipeline->Illuminate\\Pipeline\\{closure}()
#50 /media/ahmad/04B42BEAB42BDD44/ikal/POLINEMA/Pemrograman/Laravel/lat-wpu/vendor/laravel/framework/src/Illuminate/Foundation/Http/Kernel.php(175): Illuminate\\Pipeline\\Pipeline->then()
#51 /media/ahmad/04B42BEAB42BDD44/ikal/POLINEMA/Pemrograman/Laravel/lat-wpu/vendor/laravel/framework/src/Illuminate/Foundation/Http/Kernel.php(144): Illuminate\\Foundation\\Http\\Kernel->sendRequestThroughRouter()
#52 /media/ahmad/04B42BEAB42BDD44/ikal/POLINEMA/Pemrograman/Laravel/lat-wpu/public/index.php(51): Illuminate\\Foundation\\Http\\Kernel->handle()
#53 /media/ahmad/04B42BEAB42BDD44/ikal/POLINEMA/Pemrograman/Laravel/lat-wpu/vendor/laravel/framework/src/Illuminate/Foundation/resources/server.php(16): require_once('...')
#54 {main}

[previous exception] [object] (ErrorException(code: 0): Undefined variable $add at /media/ahmad/04B42BEAB42BDD44/ikal/POLINEMA/Pemrograman/Laravel/lat-wpu/storage/framework/views/f3e878ad66b4239b9e360b479b699a94.php:16)
[stacktrace]
#0 /media/ahmad/04B42BEAB42BDD44/ikal/POLINEMA/Pemrograman/Laravel/lat-wpu/vendor/laravel/framework/src/Illuminate/Foundation/Bootstrap/HandleExceptions.php(254): Illuminate\\Foundation\\Bootstrap\\HandleExceptions->handleError()
#1 /media/ahmad/04B42BEAB42BDD44/ikal/POLINEMA/Pemrograman/Laravel/lat-wpu/storage/framework/views/f3e878ad66b4239b9e360b479b699a94.php(16): Illuminate\\Foundation\\Bootstrap\\HandleExceptions->Illuminate\\Foundation\\Bootstrap\\{closure}()
#2 /media/ahmad/04B42BEAB42BDD44/ikal/POLINEMA/Pemrograman/Laravel/lat-wpu/vendor/laravel/framework/src/Illuminate/Filesystem/Filesystem.php(124): require('...')
#3 /media/ahmad/04B42BEAB42BDD44/ikal/POLINEMA/Pemrograman/Laravel/lat-wpu/vendor/laravel/framework/src/Illuminate/Filesystem/Filesystem.php(125): Illuminate\\Filesystem\\Filesystem::Illuminate\\Filesystem\\{closure}()
#4 /media/ahmad/04B42BEAB42BDD44/ikal/POLINEMA/Pemrograman/Laravel/lat-wpu/vendor/laravel/framework/src/Illuminate/View/Engines/PhpEngine.php(58): Illuminate\\Filesystem\\Filesystem->getRequire()
#5 /media/ahmad/04B42BEAB42BDD44/ikal/POLINEMA/Pemrograman/Laravel/lat-wpu/vendor/laravel/framework/src/Illuminate/View/Engines/CompilerEngine.php(72): Illuminate\\View\\Engines\\PhpEngine->evaluatePath()
#6 /media/ahmad/04B42BEAB42BDD44/ikal/POLINEMA/Pemrograman/Laravel/lat-wpu/vendor/laravel/framework/src/Illuminate/View/View.php(195): Illuminate\\View\\Engines\\CompilerEngine->get()
#7 /media/ahmad/04B42BEAB42BDD44/ikal/POLINEMA/Pemrograman/Laravel/lat-wpu/vendor/laravel/framework/src/Illuminate/View/View.php(178): Illuminate\\View\\View->getContents()
#8 /media/ahmad/04B42BEAB42BDD44/ikal/POLINEMA/Pemrograman/Laravel/lat-wpu/vendor/laravel/framework/src/Illuminate/View/View.php(147): Illuminate\\View\\View->renderContents()
#9 /media/ahmad/04B42BEAB42BDD44/ikal/POLINEMA/Pemrograman/Laravel/lat-wpu/vendor/laravel/framework/src/Illuminate/Http/Response.php(69): Illuminate\\View\\View->render()
#10 /media/ahmad/04B42BEAB42BDD44/ikal/POLINEMA/Pemrograman/Laravel/lat-wpu/vendor/laravel/framework/src/Illuminate/Http/Response.php(35): Illuminate\\Http\\Response->setContent()
#11 /media/ahmad/04B42BEAB42BDD44/ikal/POLINEMA/Pemrograman/Laravel/lat-wpu/vendor/laravel/framework/src/Illuminate/Routing/Router.php(911): Illuminate\\Http\\Response->__construct()
#12 /media/ahmad/04B42BEAB42BDD44/ikal/POLINEMA/Pemrograman/Laravel/lat-wpu/vendor/laravel/framework/src/Illuminate/Routing/Router.php(878): Illuminate\\Routing\\Router::toResponse()
#13 /media/ahmad/04B42BEAB42BDD44/ikal/POLINEMA/Pemrograman/Laravel/lat-wpu/vendor/laravel/framework/src/Illuminate/Routing/Router.php(798): Illuminate\\Routing\\Router->prepareResponse()
#14 /media/ahmad/04B42BEAB42BDD44/ikal/POLINEMA/Pemrograman/Laravel/lat-wpu/vendor/laravel/framework/src/Illuminate/Pipeline/Pipeline.php(141): Illuminate\\Routing\\Router->Illuminate\\Routing\\{closure}()
#15 /media/ahmad/04B42BEAB42BDD44/ikal/POLINEMA/Pemrograman/Laravel/lat-wpu/vendor/laravel/framework/src/Illuminate/Routing/Middleware/SubstituteBindings.php(50): Illuminate\\Pipeline\\Pipeline->Illuminate\\Pipeline\\{closure}()
#16 /media/ahmad/04B42BEAB42BDD44/ikal/POLINEMA/Pemrograman/Laravel/lat-wpu/vendor/laravel/framework/src/Illuminate/Pipeline/Pipeline.php(180): Illuminate\\Routing\\Middleware\\SubstituteBindings->handle()
#17 /media/ahmad/04B42BEAB42BDD44/ikal/POLINEMA/Pemrograman/Laravel/lat-wpu/vendor/laravel/framework/src/Illuminate/Foundation/Http/Middleware/VerifyCsrfToken.php(78): Illuminate\\Pipeline\\Pipeline->Illuminate\\Pipeline\\{closure}()
#18 /media/ahmad/04B42BEAB42BDD44/ikal/POLINEMA/Pemrograman/Laravel/lat-wpu/vendor/laravel/framework/src/Illuminate/Pipeline/Pipeline.php(180): Illuminate\\Foundation\\Http\\Middleware\\VerifyCsrfToken->handle()
#19 /media/ahmad/04B42BEAB42BDD44/ikal/POLINEMA/Pemrograman/Laravel/lat-wpu/vendor/laravel/framework/src/Illuminate/View/Middleware/ShareErrorsFromSession.php(49): Illuminate\\Pipeline\\Pipeline->Illuminate\\Pipeline\\{closure}()
#20 /media/ahmad/04B42BEAB42BDD44/ikal/POLINEMA/Pemrograman/Laravel/lat-wpu/vendor/laravel/framework/src/Illuminate/Pipeline/Pipeline.php(180): Illuminate\\View\\Middleware\\ShareErrorsFromSession->handle()
#21 /media/ahmad/04B42BEAB42BDD44/ikal/POLINEMA/Pemrograman/Laravel/lat-wpu/vendor/laravel/framework/src/Illuminate/Session/Middleware/StartSession.php(121): Illuminate\\Pipeline\\Pipeline->Illuminate\\Pipeline\\{closure}()
#22 /media/ahmad/04B42BEAB42BDD44/ikal/POLINEMA/Pemrograman/Laravel/lat-wpu/vendor/laravel/framework/src/Illuminate/Session/Middleware/StartSession.php(64): Illuminate\\Session\\Middleware\\StartSession->handleStatefulRequest()
#23 /media/ahmad/04B42BEAB42BDD44/ikal/POLINEMA/Pemrograman/Laravel/lat-wpu/vendor/laravel/framework/src/Illuminate/Pipeline/Pipeline.php(180): Illuminate\\Session\\Middleware\\StartSession->handle()
#24 /media/ahmad/04B42BEAB42BDD44/ikal/POLINEMA/Pemrograman/Laravel/lat-wpu/vendor/laravel/framework/src/Illuminate/Cookie/Middleware/AddQueuedCookiesToResponse.php(37): Illuminate\\Pipeline\\Pipeline->Illuminate\\Pipeline\\{closure}()
#25 /media/ahmad/04B42BEAB42BDD44/ikal/POLINEMA/Pemrograman/Laravel/lat-wpu/vendor/laravel/framework/src/Illuminate/Pipeline/Pipeline.php(180): Illuminate\\Cookie\\Middleware\\AddQueuedCookiesToResponse->handle()
#26 /media/ahmad/04B42BEAB42BDD44/ikal/POLINEMA/Pemrograman/Laravel/lat-wpu/vendor/laravel/framework/src/Illuminate/Cookie/Middleware/EncryptCookies.php(67): Illuminate\\Pipeline\\Pipeline->Illuminate\\Pipeline\\{closure}()
#27 /media/ahmad/04B42BEAB42BDD44/ikal/POLINEMA/Pemrograman/Laravel/lat-wpu/vendor/laravel/framework/src/Illuminate/Pipeline/Pipeline.php(180): Illuminate\\Cookie\\Middleware\\EncryptCookies->handle()
#28 /media/ahmad/04B42BEAB42BDD44/ikal/POLINEMA/Pemrograman/Laravel/lat-wpu/vendor/laravel/framework/src/Illuminate/Pipeline/Pipeline.php(116): Illuminate\\Pipeline\\Pipeline->Illuminate\\Pipeline\\{closure}()
#29 /media/ahmad/04B42BEAB42BDD44/ikal/POLINEMA/Pemrograman/Laravel/lat-wpu/vendor/laravel/framework/src/Illuminate/Routing/Router.php(798): Illuminate\\Pipeline\\Pipeline->then()
#30 /media/ahmad/04B42BEAB42BDD44/ikal/POLINEMA/Pemrograman/Laravel/lat-wpu/vendor/laravel/framework/src/Illuminate/Routing/Router.php(777): Illuminate\\Routing\\Router->runRouteWithinStack()
#31 /media/ahmad/04B42BEAB42BDD44/ikal/POLINEMA/Pemrograman/Laravel/lat-wpu/vendor/laravel/framework/src/Illuminate/Routing/Router.php(741): Illuminate\\Routing\\Router->runRoute()
#32 /media/ahmad/04B42BEAB42BDD44/ikal/POLINEMA/Pemrograman/Laravel/lat-wpu/vendor/laravel/framework/src/Illuminate/Routing/Router.php(730): Illuminate\\Routing\\Router->dispatchToRoute()
#33 /media/ahmad/04B42BEAB42BDD44/ikal/POLINEMA/Pemrograman/Laravel/lat-wpu/vendor/laravel/framework/src/Illuminate/Foundation/Http/Kernel.php(200): Illuminate\\Routing\\Router->dispatch()
#34 /media/ahmad/04B42BEAB42BDD44/ikal/POLINEMA/Pemrograman/Laravel/lat-wpu/vendor/laravel/framework/src/Illuminate/Pipeline/Pipeline.php(141): Illuminate\\Foundation\\Http\\Kernel->Illuminate\\Foundation\\Http\\{closure}()
#35 /media/ahmad/04B42BEAB42BDD44/ikal/POLINEMA/Pemrograman/Laravel/lat-wpu/vendor/laravel/framework/src/Illuminate/Foundation/Http/Middleware/TransformsRequest.php(21): Illuminate\\Pipeline\\Pipeline->Illuminate\\Pipeline\\{closure}()
#36 /media/ahmad/04B42BEAB42BDD44/ikal/POLINEMA/Pemrograman/Laravel/lat-wpu/vendor/laravel/framework/src/Illuminate/Foundation/Http/Middleware/ConvertEmptyStringsToNull.php(31): Illuminate\\Foundation\\Http\\Middleware\\TransformsRequest->handle()
#37 /media/ahmad/04B42BEAB42BDD44/ikal/POLINEMA/Pemrograman/Laravel/lat-wpu/vendor/laravel/framework/src/Illuminate/Pipeline/Pipeline.php(180): Illuminate\\Foundation\\Http\\Middleware\\ConvertEmptyStringsToNull->handle()
#38 /media/ahmad/04B42BEAB42BDD44/ikal/POLINEMA/Pemrograman/Laravel/lat-wpu/vendor/laravel/framework/src/Illuminate/Foundation/Http/Middleware/TransformsRequest.php(21): Illuminate\\Pipeline\\Pipeline->Illuminate\\Pipeline\\{closure}()
#39 /media/ahmad/04B42BEAB42BDD44/ikal/POLINEMA/Pemrograman/Laravel/lat-wpu/vendor/laravel/framework/src/Illuminate/Foundation/Http/Middleware/TrimStrings.php(40): Illuminate\\Foundation\\Http\\Middleware\\TransformsRequest->handle()
#40 /media/ahmad/04B42BEAB42BDD44/ikal/POLINEMA/Pemrograman/Laravel/lat-wpu/vendor/laravel/framework/src/Illuminate/Pipeline/Pipeline.php(180): Illuminate\\Foundation\\Http\\Middleware\\TrimStrings->handle()
#41 /media/ahmad/04B42BEAB42BDD44/ikal/POLINEMA/Pemrograman/Laravel/lat-wpu/vendor/laravel/framework/src/Illuminate/Foundation/Http/Middleware/ValidatePostSize.php(27): Illuminate\\Pipeline\\Pipeline->Illuminate\\Pipeline\\{closure}()
#42 /media/ahmad/04B42BEAB42BDD44/ikal/POLINEMA/Pemrograman/Laravel/lat-wpu/vendor/laravel/framework/src/Illuminate/Pipeline/Pipeline.php(180): Illuminate\\Foundation\\Http\\Middleware\\ValidatePostSize->handle()
#43 /media/ahmad/04B42BEAB42BDD44/ikal/POLINEMA/Pemrograman/Laravel/lat-wpu/vendor/laravel/framework/src/Illuminate/Foundation/Http/Middleware/PreventRequestsDuringMaintenance.php(99): Illuminate\\Pipeline\\Pipeline->Illuminate\\Pipeline\\{closure}()
#44 /media/ahmad/04B42BEAB42BDD44/ikal/POLINEMA/Pemrograman/Laravel/lat-wpu/vendor/laravel/framework/src/Illuminate/Pipeline/Pipeline.php(180): Illuminate\\Foundation\\Http\\Middleware\\PreventRequestsDuringMaintenance->handle()
#45 /media/ahmad/04B42BEAB42BDD44/ikal/POLINEMA/Pemrograman/Laravel/lat-wpu/vendor/laravel/framework/src/Illuminate/Http/Middleware/HandleCors.php(49): Illuminate\\Pipeline\\Pipeline->Illuminate\\Pipeline\\{closure}()
#46 /media/ahmad/04B42BEAB42BDD44/ikal/POLINEMA/Pemrograman/Laravel/lat-wpu/vendor/laravel/framework/src/Illuminate/Pipeline/Pipeline.php(180): Illuminate\\Http\\Middleware\\HandleCors->handle()
#47 /media/ahmad/04B42BEAB42BDD44/ikal/POLINEMA/Pemrograman/Laravel/lat-wpu/vendor/laravel/framework/src/Illuminate/Http/Middleware/TrustProxies.php(39): Illuminate\\Pipeline\\Pipeline->Illuminate\\Pipeline\\{closure}()
#48 /media/ahmad/04B42BEAB42BDD44/ikal/POLINEMA/Pemrograman/Laravel/lat-wpu/vendor/laravel/framework/src/Illuminate/Pipeline/Pipeline.php(180): Illuminate\\Http\\Middleware\\TrustProxies->handle()
#49 /media/ahmad/04B42BEAB42BDD44/ikal/POLINEMA/Pemrograman/Laravel/lat-wpu/vendor/laravel/framework/src/Illuminate/Pipeline/Pipeline.php(116): Illuminate\\Pipeline\\Pipeline->Illuminate\\Pipeline\\{closure}()
#50 /media/ahmad/04B42BEAB42BDD44/ikal/POLINEMA/Pemrograman/Laravel/lat-wpu/vendor/laravel/framework/src/Illuminate/Foundation/Http/Kernel.php(175): Illuminate\\Pipeline\\Pipeline->then()
#51 /media/ahmad/04B42BEAB42BDD44/ikal/POLINEMA/Pemrograman/Laravel/lat-wpu/vendor/laravel/framework/src/Illuminate/Foundation/Http/Kernel.php(144): Illuminate\\Foundation\\Http\\Kernel->sendRequestThroughRouter()
#52 /media/ahmad/04B42BEAB42BDD44/ikal/POLINEMA/Pemrograman/Laravel/lat-wpu/public/index.php(51): Illuminate\\Foundation\\Http\\Kernel->handle()
#53 /media/ahmad/04B42BEAB42BDD44/ikal/POLINEMA/Pemrograman/Laravel/lat-wpu/vendor/laravel/framework/src/Illuminate/Foundation/resources/server.php(16): require_once('...')
#54 {main}
"} 
